{"contracts/TrueStars.sol":{"l":{"63":167,"64":159,"72":199,"73":189,"81":103,"82":99,"90":30,"91":26,"99":5,"103":1,"116":60,"117":60,"118":60,"119":58,"121":56,"122":56,"123":56,"124":56,"125":56,"126":56,"128":56,"129":56,"142":74,"156":42,"157":42,"158":42,"173":24,"174":23,"187":27,"189":27,"190":19,"191":19,"192":276,"196":19,"197":19,"200":19,"205":27,"211":27,"224":7,"225":7,"226":7,"227":7,"240":1,"241":1,"256":71,"257":71,"270":76,"271":76,"284":69,"299":72,"300":72,"302":68,"308":64,"313":62,"314":62,"316":62,"318":62,"319":62,"320":62,"322":62,"334":19,"335":19,"339":17,"343":15,"348":13,"353":11,"354":11,"355":11,"356":11,"357":11,"358":11,"372":4,"393":25,"394":25,"395":25,"396":25,"397":25,"398":25,"399":25,"400":25,"401":25,"402":25,"404":25,"425":12,"443":17,"447":15,"449":2},"path":"/work/TrueStars/contracts/TrueStars.sol","s":{"1":167,"2":199,"3":103,"4":30,"5":5,"6":60,"7":60,"8":60,"9":58,"10":56,"11":56,"12":56,"13":56,"14":56,"15":56,"16":56,"17":56,"18":74,"19":42,"20":42,"21":42,"22":24,"23":23,"24":27,"25":27,"26":19,"27":19,"28":276,"29":19,"30":19,"31":27,"32":27,"33":7,"34":7,"35":7,"36":7,"37":1,"38":1,"39":71,"40":71,"41":76,"42":76,"43":69,"44":72,"45":72,"46":68,"47":64,"48":62,"49":62,"50":62,"51":62,"52":62,"53":62,"54":62,"55":19,"56":19,"57":17,"58":15,"59":13,"60":11,"61":11,"62":11,"63":11,"64":11,"65":11,"66":4,"67":25,"68":25,"69":25,"70":25,"71":25,"72":25,"73":25,"74":25,"75":25,"76":25,"77":25,"78":12,"79":17,"80":15,"81":2},"b":{"1":[159,8],"2":[189,10],"3":[99,4],"4":[26,4],"5":[1,4],"6":[58,2],"7":[56,2],"8":[23,1],"9":[19,8],"10":[19,257],"11":[68,4],"12":[64,4],"13":[62,2],"14":[17,2],"15":[15,2],"16":[13,2],"17":[11,2],"18":[11,0],"19":[15,2]},"f":{"1":167,"2":199,"3":103,"4":30,"5":5,"6":60,"7":74,"8":42,"9":24,"10":27,"11":7,"12":1,"13":71,"14":76,"15":69,"16":72,"17":19,"18":4,"19":25,"20":12,"21":17},"fnMap":{"1":{"name":"onlyOwner","line":62,"loc":{"start":{"line":62,"column":4},"end":{"line":62,"column":39}}},"2":{"name":"onlyCommit","line":71,"loc":{"start":{"line":71,"column":4},"end":{"line":71,"column":40}}},"3":{"name":"onlyReveal","line":80,"loc":{"start":{"line":80,"column":4},"end":{"line":80,"column":40}}},"4":{"name":"onlyWithdraw","line":89,"loc":{"start":{"line":89,"column":4},"end":{"line":89,"column":42}}},"5":{"name":"onlyBeforeWithdraw","line":98,"loc":{"start":{"line":98,"column":4},"end":{"line":98,"column":48}}},"6":{"name":"createMarket","line":111,"loc":{"start":{"line":111,"column":4},"end":{"line":115,"column":5}}},"7":{"name":"computeId","line":137,"loc":{"start":{"line":137,"column":4},"end":{"line":141,"column":5}}},"8":{"name":"startReveal","line":150,"loc":{"start":{"line":150,"column":4},"end":{"line":155,"column":5}}},"9":{"name":"computeAverage","line":168,"loc":{"start":{"line":168,"column":4},"end":{"line":172,"column":5}}},"10":{"name":"startWithdraw","line":181,"loc":{"start":{"line":181,"column":4},"end":{"line":186,"column":5}}},"11":{"name":"destroyMarket","line":218,"loc":{"start":{"line":218,"column":4},"end":{"line":223,"column":5}}},"12":{"name":"fundMarket","line":234,"loc":{"start":{"line":234,"column":4},"end":{"line":239,"column":5}}},"13":{"name":"registerPlayer","line":250,"loc":{"start":{"line":250,"column":4},"end":{"line":255,"column":5}}},"14":{"name":"commit","line":265,"loc":{"start":{"line":265,"column":4},"end":{"line":269,"column":5}}},"15":{"name":"computeCommitment","line":279,"loc":{"start":{"line":279,"column":4},"end":{"line":283,"column":5}}},"16":{"name":"reveal","line":294,"loc":{"start":{"line":294,"column":4},"end":{"line":298,"column":5}}},"17":{"name":"withdraw","line":329,"loc":{"start":{"line":329,"column":4},"end":{"line":333,"column":5}}},"18":{"name":"getTotalWeightsByRating","line":367,"loc":{"start":{"line":367,"column":4},"end":{"line":371,"column":5}}},"19":{"name":"getMarket","line":385,"loc":{"start":{"line":385,"column":4},"end":{"line":392,"column":5}}},"20":{"name":"getPlayer","line":415,"loc":{"start":{"line":415,"column":4},"end":{"line":424,"column":5}}},"21":{"name":"isWinner","line":438,"loc":{"start":{"line":438,"column":4},"end":{"line":442,"column":5}}}},"statementMap":{"1":{"start":{"line":63,"column":8},"end":{"line":63,"column":84}},"2":{"start":{"line":72,"column":8},"end":{"line":72,"column":82}},"3":{"start":{"line":81,"column":8},"end":{"line":81,"column":82}},"4":{"start":{"line":90,"column":8},"end":{"line":90,"column":86}},"5":{"start":{"line":99,"column":8},"end":{"line":99,"column":2545}},"6":{"start":{"line":116,"column":8},"end":{"line":116,"column":28}},"7":{"start":{"line":117,"column":8},"end":{"line":117,"column":49}},"8":{"start":{"line":118,"column":8},"end":{"line":118,"column":66}},"9":{"start":{"line":119,"column":8},"end":{"line":119,"column":73}},"10":{"start":{"line":121,"column":2},"end":{"line":121,"column":20}},"11":{"start":{"line":122,"column":8},"end":{"line":122,"column":43}},"12":{"start":{"line":123,"column":8},"end":{"line":123,"column":31}},"13":{"start":{"line":124,"column":8},"end":{"line":124,"column":32}},"14":{"start":{"line":125,"column":8},"end":{"line":125,"column":35}},"15":{"start":{"line":126,"column":8},"end":{"line":126,"column":27}},"16":{"start":{"line":128,"column":8},"end":{"line":128,"column":49}},"17":{"start":{"line":129,"column":8},"end":{"line":129,"column":17}},"18":{"start":{"line":142,"column":8},"end":{"line":142,"column":57}},"19":{"start":{"line":156,"column":8},"end":{"line":156,"column":41}},"20":{"start":{"line":157,"column":8},"end":{"line":157,"column":41}},"21":{"start":{"line":158,"column":8},"end":{"line":158,"column":19}},"22":{"start":{"line":173,"column":8},"end":{"line":173,"column":50}},"23":{"start":{"line":174,"column":8},"end":{"line":174,"column":46}},"24":{"start":{"line":187,"column":8},"end":{"line":187,"column":44}},"25":{"start":{"line":189,"column":8},"end":{"line":189,"column":4807}},"26":{"start":{"line":190,"column":12},"end":{"line":190,"column":109}},"27":{"start":{"line":191,"column":12},"end":{"line":191,"column":4972}},"28":{"start":{"line":192,"column":16},"end":{"line":192,"column":5040}},"29":{"start":{"line":196,"column":20},"end":{"line":196,"column":54}},"30":{"start":{"line":200,"column":12},"end":{"line":200,"column":5457}},"31":{"start":{"line":205,"column":8},"end":{"line":205,"column":5635}},"32":{"start":{"line":211,"column":8},"end":{"line":211,"column":19}},"33":{"start":{"line":224,"column":8},"end":{"line":224,"column":44}},"34":{"start":{"line":225,"column":8},"end":{"line":225,"column":45}},"35":{"start":{"line":226,"column":8},"end":{"line":226,"column":75}},"36":{"start":{"line":227,"column":8},"end":{"line":227,"column":19}},"37":{"start":{"line":240,"column":8},"end":{"line":240,"column":61}},"38":{"start":{"line":241,"column":8},"end":{"line":241,"column":19}},"39":{"start":{"line":256,"column":8},"end":{"line":256,"column":53}},"40":{"start":{"line":257,"column":8},"end":{"line":257,"column":19}},"41":{"start":{"line":270,"column":8},"end":{"line":270,"column":64}},"42":{"start":{"line":271,"column":8},"end":{"line":271,"column":19}},"43":{"start":{"line":284,"column":8},"end":{"line":284,"column":58}},"44":{"start":{"line":299,"column":8},"end":{"line":299,"column":35}},"45":{"start":{"line":300,"column":8},"end":{"line":300,"column":83}},"46":{"start":{"line":302,"column":8},"end":{"line":302,"column":8111}},"47":{"start":{"line":308,"column":8},"end":{"line":308,"column":8319}},"48":{"start":{"line":313,"column":8},"end":{"line":313,"column":50}},"49":{"start":{"line":314,"column":8},"end":{"line":314,"column":59}},"50":{"start":{"line":316,"column":8},"end":{"line":316,"column":86}},"51":{"start":{"line":318,"column":8},"end":{"line":318,"column":72}},"52":{"start":{"line":319,"column":8},"end":{"line":319,"column":33}},"53":{"start":{"line":320,"column":8},"end":{"line":320,"column":104}},"54":{"start":{"line":322,"column":8},"end":{"line":322,"column":19}},"55":{"start":{"line":334,"column":8},"end":{"line":334,"column":43}},"56":{"start":{"line":335,"column":8},"end":{"line":335,"column":9094}},"57":{"start":{"line":339,"column":8},"end":{"line":339,"column":9201}},"58":{"start":{"line":343,"column":8},"end":{"line":343,"column":9299}},"59":{"start":{"line":348,"column":8},"end":{"line":348,"column":9418}},"60":{"start":{"line":353,"column":8},"end":{"line":353,"column":51}},"61":{"start":{"line":354,"column":8},"end":{"line":354,"column":105}},"62":{"start":{"line":355,"column":8},"end":{"line":355,"column":73}},"63":{"start":{"line":356,"column":8},"end":{"line":356,"column":63}},"64":{"start":{"line":357,"column":8},"end":{"line":357,"column":29}},"65":{"start":{"line":358,"column":8},"end":{"line":358,"column":19}},"66":{"start":{"line":372,"column":8},"end":{"line":372,"column":55}},"67":{"start":{"line":393,"column":8},"end":{"line":393,"column":34}},"68":{"start":{"line":394,"column":8},"end":{"line":394,"column":45}},"69":{"start":{"line":395,"column":8},"end":{"line":395,"column":45}},"70":{"start":{"line":396,"column":8},"end":{"line":396,"column":47}},"71":{"start":{"line":397,"column":8},"end":{"line":397,"column":35}},"72":{"start":{"line":398,"column":8},"end":{"line":398,"column":41}},"73":{"start":{"line":399,"column":8},"end":{"line":399,"column":40}},"74":{"start":{"line":400,"column":8},"end":{"line":400,"column":42}},"75":{"start":{"line":401,"column":8},"end":{"line":401,"column":43}},"76":{"start":{"line":402,"column":8},"end":{"line":402,"column":44}},"77":{"start":{"line":404,"column":8},"end":{"line":404,"column":11109}},"78":{"start":{"line":425,"column":8},"end":{"line":425,"column":11541}},"79":{"start":{"line":443,"column":8},"end":{"line":443,"column":12005}},"80":{"start":{"line":447,"column":12},"end":{"line":447,"column":23}},"81":{"start":{"line":449,"column":8},"end":{"line":449,"column":20}}},"branchMap":{"1":{"line":63,"type":"if","locations":[{"start":{"line":63,"column":8},"end":{"line":63,"column":8}},{"start":{"line":63,"column":8},"end":{"line":63,"column":8}}]},"2":{"line":72,"type":"if","locations":[{"start":{"line":72,"column":8},"end":{"line":72,"column":8}},{"start":{"line":72,"column":8},"end":{"line":72,"column":8}}]},"3":{"line":81,"type":"if","locations":[{"start":{"line":81,"column":8},"end":{"line":81,"column":8}},{"start":{"line":81,"column":8},"end":{"line":81,"column":8}}]},"4":{"line":90,"type":"if","locations":[{"start":{"line":90,"column":8},"end":{"line":90,"column":8}},{"start":{"line":90,"column":8},"end":{"line":90,"column":8}}]},"5":{"line":99,"type":"if","locations":[{"start":{"line":99,"column":8},"end":{"line":99,"column":8}},{"start":{"line":99,"column":8},"end":{"line":99,"column":8}}]},"6":{"line":118,"type":"if","locations":[{"start":{"line":118,"column":8},"end":{"line":118,"column":8}},{"start":{"line":118,"column":8},"end":{"line":118,"column":8}}]},"7":{"line":119,"type":"if","locations":[{"start":{"line":119,"column":8},"end":{"line":119,"column":8}},{"start":{"line":119,"column":8},"end":{"line":119,"column":8}}]},"8":{"line":173,"type":"if","locations":[{"start":{"line":173,"column":8},"end":{"line":173,"column":8}},{"start":{"line":173,"column":8},"end":{"line":173,"column":8}}]},"9":{"line":189,"type":"if","locations":[{"start":{"line":189,"column":8},"end":{"line":189,"column":8}},{"start":{"line":189,"column":8},"end":{"line":189,"column":8}}]},"10":{"line":192,"type":"if","locations":[{"start":{"line":192,"column":16},"end":{"line":192,"column":16}},{"start":{"line":192,"column":16},"end":{"line":192,"column":16}}]},"11":{"line":300,"type":"if","locations":[{"start":{"line":300,"column":8},"end":{"line":300,"column":8}},{"start":{"line":300,"column":8},"end":{"line":300,"column":8}}]},"12":{"line":302,"type":"if","locations":[{"start":{"line":302,"column":8},"end":{"line":302,"column":8}},{"start":{"line":302,"column":8},"end":{"line":302,"column":8}}]},"13":{"line":308,"type":"if","locations":[{"start":{"line":308,"column":8},"end":{"line":308,"column":8}},{"start":{"line":308,"column":8},"end":{"line":308,"column":8}}]},"14":{"line":335,"type":"if","locations":[{"start":{"line":335,"column":8},"end":{"line":335,"column":8}},{"start":{"line":335,"column":8},"end":{"line":335,"column":8}}]},"15":{"line":339,"type":"if","locations":[{"start":{"line":339,"column":8},"end":{"line":339,"column":8}},{"start":{"line":339,"column":8},"end":{"line":339,"column":8}}]},"16":{"line":343,"type":"if","locations":[{"start":{"line":343,"column":8},"end":{"line":343,"column":8}},{"start":{"line":343,"column":8},"end":{"line":343,"column":8}}]},"17":{"line":348,"type":"if","locations":[{"start":{"line":348,"column":8},"end":{"line":348,"column":8}},{"start":{"line":348,"column":8},"end":{"line":348,"column":8}}]},"18":{"line":356,"type":"if","locations":[{"start":{"line":356,"column":8},"end":{"line":356,"column":8}},{"start":{"line":356,"column":8},"end":{"line":356,"column":8}}]},"19":{"line":443,"type":"if","locations":[{"start":{"line":443,"column":8},"end":{"line":443,"column":8}},{"start":{"line":443,"column":8},"end":{"line":443,"column":8}}]}}}}